<?xml version="1.0" encoding="UTF-8"?>
<testsuite name="MainTest" tests="1" skipped="0" failures="0" errors="0" timestamp="2025-02-01T09:13:00" hostname="Ana" time="0.111">
  <properties/>
  <testcase name="findGroups06()" classname="MainTest" time="0.111"/>
  <system-out><![CDATA[Proiect 2025
Skipping first line: Comanda|Prenume|Nume|Titulatura|Varsta|Email|Scoala|Anul de studii/experienta profesionala|Rol|Cod muzeu|Interval orar
true
false
true
DEBUG: Searching for guide Florin Georgescu in museum 7300203 at 11-13
DEBUG: Guide found -> Florin Georgescu
DEBUG: Searching for guide Florin Georgescu in museum 7300203 at 13-15
DEBUG: Guide found -> Elena Radu
DEBUG: Searching for guide Sorin Ionescu in museum 7300203 at 13-15
DEBUG: Guide found -> Elena Radu
Processing complete. Results written to: src/main/resources/06-find-groups/groups_04.out
]]></system-out>
  <system-err><![CDATA[]]></system-err>
</testsuite>
