<?xml version="1.0" encoding="UTF-8"?>
<testsuite name="MainTest" tests="1" skipped="0" failures="0" errors="0" timestamp="2025-02-01T16:33:24" hostname="Ana" time="0.095">
  <properties/>
  <testcase name="erroredGroupGuide04()" classname="MainTest" time="0.095"/>
  <system-out><![CDATA[Proiect 2025
Skipping first line: Comanda|Prenume|Nume|Titulatura|Varsta|Email|Scoala|Anul de studii/experienta profesionala|Rol|Cod muzeu|Interval orar
Log: Guide added: Radu
Log: Guide added: Stan
Log: Member added: Nistor
Log: Member added: Diaconescu
Log: Member added: Popescu
Log: Member added: Ionescu
Log: Member added: Dumitrescu
Log: Member added: Georgescu
Log: Member added: Stoica
Log: Member added: Radu
Log: Member added: Marin
Log: Member added: Diaconescu
Processing complete. Results written to: src/main/resources/04-errored-guide/groups_02.out
]]></system-out>
  <system-err><![CDATA[]]></system-err>
</testsuite>
